<?xml version="1.0" encoding="UTF-8"?>
<testsuite name="world.WorldTestSuite" tests="1" skipped="0" failures="0" errors="0" timestamp="2018-12-29T16:44:09" hostname="DESKTOP-BFC60PP" time="0.002">
  <properties/>
  <testcase name="testGetPeopleQuantity" classname="world.WorldTestSuite" time="0.002"/>
  <system-out><![CDATA[]]></system-out>
  <system-err><![CDATA[]]></system-err>
</testsuite>
