<?xml version="1.0" encoding="UTF-8"?>
<testsuite name="com.kodilla.spring.library.LibraryTestSuite" tests="3" skipped="0" failures="0" errors="0" timestamp="2018-12-31T17:16:15" hostname="DESKTOP-BFC60PP" time="0.198">
  <properties/>
  <testcase name="testSaveToDb" classname="com.kodilla.spring.library.LibraryTestSuite" time="0.094"/>
  <testcase name="testLoadFromDb" classname="com.kodilla.spring.library.LibraryTestSuite" time="0.092"/>
  <testcase name="testContext" classname="com.kodilla.spring.library.LibraryTestSuite" time="0.011"/>
  <system-out><![CDATA[2018-12-31 18:16:15.189  INFO 3764 --- [    Test worker] .b.t.c.SpringBootTestContextBootstrapper : Neither @ContextConfiguration nor @ContextHierarchy found for test class [com.kodilla.spring.library.LibraryTestSuite], using SpringBootContextLoader
2018-12-31 18:16:15.190  INFO 3764 --- [    Test worker] o.s.t.c.support.AbstractContextLoader    : Could not detect default resource locations for test class [com.kodilla.spring.library.LibraryTestSuite]: no resource found for suffixes {-context.xml, Context.groovy}.
2018-12-31 18:16:15.190  INFO 3764 --- [    Test worker] t.c.s.AnnotationConfigContextLoaderUtils : Could not detect default configuration classes for test class [com.kodilla.spring.library.LibraryTestSuite]: LibraryTestSuite does not declare any static, non-private, non-final, nested classes annotated with @Configuration.
2018-12-31 18:16:15.194  INFO 3764 --- [    Test worker] .b.t.c.SpringBootTestContextBootstrapper : Found @SpringBootConfiguration com.kodilla.spring.SpringRunner for test class com.kodilla.spring.library.LibraryTestSuite
2018-12-31 18:16:15.195  INFO 3764 --- [    Test worker] .b.t.c.SpringBootTestContextBootstrapper : Loaded default TestExecutionListener class names from location [META-INF/spring.factories]: [org.springframework.boot.test.autoconfigure.restdocs.RestDocsTestExecutionListener, org.springframework.boot.test.autoconfigure.web.client.MockRestServiceServerResetTestExecutionListener, org.springframework.boot.test.autoconfigure.web.servlet.MockMvcPrintOnlyOnFailureTestExecutionListener, org.springframework.boot.test.autoconfigure.web.servlet.WebDriverTestExecutionListener, org.springframework.boot.test.mock.mockito.MockitoTestExecutionListener, org.springframework.boot.test.mock.mockito.ResetMocksTestExecutionListener, org.springframework.test.context.web.ServletTestExecutionListener, org.springframework.test.context.support.DirtiesContextBeforeModesTestExecutionListener, org.springframework.test.context.support.DependencyInjectionTestExecutionListener, org.springframework.test.context.support.DirtiesContextTestExecutionListener, org.springframework.test.context.transaction.TransactionalTestExecutionListener, org.springframework.test.context.jdbc.SqlScriptsTestExecutionListener]
2018-12-31 18:16:15.196  INFO 3764 --- [    Test worker] .b.t.c.SpringBootTestContextBootstrapper : Using TestExecutionListeners: [org.springframework.test.context.support.DirtiesContextBeforeModesTestExecutionListener@74a1d1b3, org.springframework.boot.test.mock.mockito.MockitoTestExecutionListener@5da5cbe3, org.springframework.boot.test.autoconfigure.SpringBootDependencyInjectionTestExecutionListener@17763801, org.springframework.test.context.support.DirtiesContextTestExecutionListener@2e93d04e, org.springframework.boot.test.autoconfigure.restdocs.RestDocsTestExecutionListener@5445a066, org.springframework.boot.test.autoconfigure.web.client.MockRestServiceServerResetTestExecutionListener@27cc83de, org.springframework.boot.test.autoconfigure.web.servlet.MockMvcPrintOnlyOnFailureTestExecutionListener@15c0116, org.springframework.boot.test.autoconfigure.web.servlet.WebDriverTestExecutionListener@317db0d3, org.springframework.boot.test.mock.mockito.ResetMocksTestExecutionListener@4842600a]
2018-12-31 18:16:15.207  INFO 3764 --- [    Test worker] s.c.a.AnnotationConfigApplicationContext : Refreshing org.springframework.context.annotation.AnnotationConfigApplicationContext@bd3c8af: startup date [Mon Dec 31 18:16:15 CET 2018]; root of context hierarchy
2018-12-31 18:16:15.244  INFO 3764 --- [    Test worker] o.s.b.f.s.DefaultListableBeanFactory     : Overriding bean definition for bean 'board' with a different definition: replacing [Generic bean: class [com.kodilla.spring.portfolio.Board]; scope=singleton; abstract=false; lazyInit=false; autowireMode=0; dependencyCheck=0; autowireCandidate=true; primary=false; factoryBeanName=null; factoryMethodName=null; initMethodName=null; destroyMethodName=null; defined in file [D:\kodilla-course\kodilla-spring\build\classes\java\main\com\kodilla\spring\portfolio\Board.class]] with [Root bean: class [null]; scope=; abstract=false; lazyInit=false; autowireMode=3; dependencyCheck=0; autowireCandidate=true; primary=false; factoryBeanName=boardConfig; factoryMethodName=board; initMethodName=null; destroyMethodName=(inferred); defined in com.kodilla.spring.portfolio.BoardConfig]
2018-12-31 18:16:15.290  INFO 3764 --- [    Test worker] o.s.j.e.a.AnnotationMBeanExporter        : Registering beans for JMX exposure on startup
Saving data to the database.
2018-12-31 18:16:15.301  INFO 3764 --- [    Test worker] s.c.a.AnnotationConfigApplicationContext : Refreshing org.springframework.context.annotation.AnnotationConfigApplicationContext@4f3cf378: startup date [Mon Dec 31 18:16:15 CET 2018]; root of context hierarchy
2018-12-31 18:16:15.338  INFO 3764 --- [    Test worker] o.s.b.f.s.DefaultListableBeanFactory     : Overriding bean definition for bean 'board' with a different definition: replacing [Generic bean: class [com.kodilla.spring.portfolio.Board]; scope=singleton; abstract=false; lazyInit=false; autowireMode=0; dependencyCheck=0; autowireCandidate=true; primary=false; factoryBeanName=null; factoryMethodName=null; initMethodName=null; destroyMethodName=null; defined in file [D:\kodilla-course\kodilla-spring\build\classes\java\main\com\kodilla\spring\portfolio\Board.class]] with [Root bean: class [null]; scope=; abstract=false; lazyInit=false; autowireMode=3; dependencyCheck=0; autowireCandidate=true; primary=false; factoryBeanName=boardConfig; factoryMethodName=board; initMethodName=null; destroyMethodName=(inferred); defined in com.kodilla.spring.portfolio.BoardConfig]
2018-12-31 18:16:15.382  INFO 3764 --- [    Test worker] o.s.j.e.a.AnnotationMBeanExporter        : Registering beans for JMX exposure on startup
Loading data from the database
2018-12-31 18:16:15.385  INFO 3764 --- [    Test worker] s.c.a.AnnotationConfigApplicationContext : Refreshing org.springframework.context.annotation.AnnotationConfigApplicationContext@b7d7494: startup date [Mon Dec 31 18:16:15 CET 2018]; root of context hierarchy
===== Beans list: ==== >>
org.springframework.context.annotation.internalConfigurationAnnotationProcessor
org.springframework.context.annotation.internalAutowiredAnnotationProcessor
org.springframework.context.annotation.internalRequiredAnnotationProcessor
org.springframework.context.annotation.internalCommonAnnotationProcessor
org.springframework.context.event.internalEventListenerProcessor
org.springframework.context.event.internalEventListenerFactory
<< ===== Beans list ====
]]></system-out>
  <system-err><![CDATA[]]></system-err>
</testsuite>
