<?xml version="1.0" encoding="UTF-8"?>
<testsuite name="com.kodilla.testing.collection.CollectionTestSuite" tests="2" skipped="0" failures="0" errors="0" timestamp="2018-10-18T16:46:16" hostname="DESKTOP-BFC60PP" time="0.002">
  <properties/>
  <testcase name="testOddNumbersExterminatorEmptyList" classname="com.kodilla.testing.collection.CollectionTestSuite" time="0.002"/>
  <testcase name="testOddNumbersExterminatorNormalList" classname="com.kodilla.testing.collection.CollectionTestSuite" time="0.0"/>
  <system-out><![CDATA[Starting Global test
Starting test of new condition
Finished test this condition
Starting test of new condition
Finished test this condition
Global Test finished
]]></system-out>
  <system-err><![CDATA[]]></system-err>
</testsuite>
