<?xml version="1.0" encoding="UTF-8"?>
<testsuite name="intro.shape.DrawerTestSuite" tests="2" skipped="0" failures="0" errors="0" timestamp="2018-12-29T16:44:08" hostname="DESKTOP-BFC60PP" time="0.002">
  <properties/>
  <testcase name="testDoDrawingWithTriangle" classname="intro.shape.DrawerTestSuite" time="0.001"/>
  <testcase name="testDoDrawingWithCircle" classname="intro.shape.DrawerTestSuite" time="0.001"/>
  <system-out><![CDATA[]]></system-out>
  <system-err><![CDATA[]]></system-err>
</testsuite>
